0 info it worked if it ends with ok
1 verbose cli [ '/usr/local/bin/node', '/usr/local/bin/npm', 'start' ]
2 info using npm@2.11.3
3 info using node@v0.12.7
4 verbose run-script [ 'prestart', 'start', 'poststart' ]
5 info prestart map_test@1.0.0
6 info start map_test@1.0.0
7 verbose unsafe-perm in lifecycle true
8 info map_test@1.0.0 Failed to exec start script
9 verbose stack Error: map_test@1.0.0 start: `http-server -a vimsa.npolar.no -p 8000 -c-1`
9 verbose stack Exit status 1
9 verbose stack     at EventEmitter.<anonymous> (/usr/local/lib/node_modules/npm/lib/utils/lifecycle.js:213:16)
9 verbose stack     at EventEmitter.emit (events.js:110:17)
9 verbose stack     at ChildProcess.<anonymous> (/usr/local/lib/node_modules/npm/lib/utils/spawn.js:24:14)
9 verbose stack     at ChildProcess.emit (events.js:110:17)
9 verbose stack     at maybeClose (child_process.js:1015:16)
9 verbose stack     at Process.ChildProcess._handle.onexit (child_process.js:1087:5)
10 verbose pkgid map_test@1.0.0
11 verbose cwd /home/siri/projects/map_test
12 error Linux 3.13.0-24-generic
13 error argv "/usr/local/bin/node" "/usr/local/bin/npm" "start"
14 error node v0.12.7
15 error npm  v2.11.3
16 error code ELIFECYCLE
17 error map_test@1.0.0 start: `http-server -a vimsa.npolar.no -p 8000 -c-1`
17 error Exit status 1
18 error Failed at the map_test@1.0.0 start script 'http-server -a vimsa.npolar.no -p 8000 -c-1'.
18 error This is most likely a problem with the map_test package,
18 error not with npm itself.
18 error Tell the author that this fails on your system:
18 error     http-server -a vimsa.npolar.no -p 8000 -c-1
18 error You can get their info via:
18 error     npm owner ls map_test
18 error There is likely additional logging output above.
19 verbose exit [ 1, true ]
